com.bank.banking.BankingApplicationTests-2024-11-11 13:21:18,057-[INFO]-Starting BankingApplicationTests using Java 23.0.1 with PID 5908 (started by AMIT in D:\banking_system)-
com.bank.banking.BankingApplicationTests-2024-11-11 13:21:18,090-[INFO]-No active profile set, falling back to 1 default profile: "default"-
org.springframework.data.repository.config.RepositoryConfigurationDelegate-2024-11-11 13:21:19,860-[INFO]-Bootstrapping Spring Data JPA repositories in DEFAULT mode.-
org.springframework.data.repository.config.RepositoryConfigurationDelegate-2024-11-11 13:21:20,030-[INFO]-Finished Spring Data repository scanning in 156 ms. Found 3 JPA repository interfaces.-
org.hibernate.jpa.internal.util.LogHelper-2024-11-11 13:21:22,081-[INFO]-HHH000204: Processing PersistenceUnitInfo [name: default]-
org.hibernate.Version-2024-11-11 13:21:22,375-[INFO]-HHH000412: Hibernate ORM core version 6.4.10.Final-
org.hibernate.cache.internal.RegionFactoryInitiator-2024-11-11 13:21:22,473-[INFO]-HHH000026: Second-level cache disabled-
org.springframework.orm.jpa.persistenceunit.SpringPersistenceUnitInfo-2024-11-11 13:21:23,141-[INFO]-No LoadTimeWeaver setup: ignoring JPA class transformer-
com.zaxxer.hikari.HikariDataSource-2024-11-11 13:21:23,196-[INFO]-HikariPool-1 - Starting...-
com.zaxxer.hikari.pool.HikariPool-2024-11-11 13:21:23,620-[INFO]-HikariPool-1 - Added connection conn0: url=jdbc:h2:file:C:/h2db/bank user=SA-
com.zaxxer.hikari.HikariDataSource-2024-11-11 13:21:23,621-[INFO]-HikariPool-1 - Start completed.-
org.hibernate.orm.deprecation-2024-11-11 13:21:23,663-[WARN]-HHH90000025: H2Dialect does not need to be specified explicitly using 'hibernate.dialect' (remove the property setting and it will be selected by default)-
org.hibernate.engine.transaction.jta.platform.internal.JtaPlatformInitiator-2024-11-11 13:21:25,972-[INFO]-HHH000489: No JTA platform available (set 'hibernate.transaction.jta.platform' to enable JTA platform integration)-
org.springframework.orm.jpa.LocalContainerEntityManagerFactoryBean-2024-11-11 13:21:26,027-[INFO]-Initialized JPA EntityManagerFactory for persistence unit 'default'-
org.springframework.data.jpa.repository.query.QueryEnhancerFactory-2024-11-11 13:21:26,649-[INFO]-Hibernate is in classpath; If applicable, HQL parser will be used.-
org.springframework.boot.autoconfigure.orm.jpa.JpaBaseConfiguration$JpaWebConfiguration-2024-11-11 13:21:27,207-[WARN]-spring.jpa.open-in-view is enabled by default. Therefore, database queries may be performed during view rendering. Explicitly configure spring.jpa.open-in-view to disable this warning-
org.springframework.web.servlet.mvc.method.annotation.RequestMappingHandlerMapping-2024-11-11 13:21:27,821-[WARN]-Multiple @RequestMapping annotations found on public org.springframework.http.ResponseEntity com.bank.banking.controller.AccountController.createNewAccount(com.bank.banking.dto.AccountDto), but only the first will be used: [@org.springframework.web.bind.annotation.RequestMapping(consumes={}, headers={}, method={}, name="", params={}, path={"/add/account"}, produces={}, value={"/add/account"}), @org.springframework.web.bind.annotation.PostMapping(consumes={}, headers={}, name="", params={}, path={}, produces={}, value={})]-
org.springframework.web.servlet.mvc.method.annotation.RequestMappingHandlerMapping-2024-11-11 13:21:27,855-[WARN]-Multiple @RequestMapping annotations found on public org.springframework.http.ResponseEntity com.bank.banking.controller.UserController.createUser(com.bank.banking.dto.UserDto), but only the first will be used: [@org.springframework.web.bind.annotation.RequestMapping(consumes={}, headers={}, method={}, name="", params={}, path={"/add/user"}, produces={}, value={"/add/user"}), @org.springframework.web.bind.annotation.PostMapping(consumes={}, headers={}, name="", params={}, path={}, produces={}, value={})]-
org.springframework.security.web.DefaultSecurityFilterChain-2024-11-11 13:21:30,249-[INFO]-Will secure any request with [org.springframework.security.web.session.DisableEncodeUrlFilter@58f8ce0f, org.springframework.security.web.context.request.async.WebAsyncManagerIntegrationFilter@31406eab, org.springframework.security.web.context.SecurityContextHolderFilter@e763080, org.springframework.security.web.header.HeaderWriterFilter@7d8a5ec7, org.springframework.security.web.authentication.logout.LogoutFilter@49318c2a, org.springframework.security.web.authentication.UsernamePasswordAuthenticationFilter@c4bb119, org.springframework.security.web.authentication.ui.DefaultLoginPageGeneratingFilter@52539624, org.springframework.security.web.authentication.ui.DefaultLogoutPageGeneratingFilter@3bb6b9ab, org.springframework.security.web.authentication.www.BasicAuthenticationFilter@56c7e2d1, org.springframework.security.web.savedrequest.RequestCacheAwareFilter@599cf2cd, org.springframework.security.web.servletapi.SecurityContextHolderAwareRequestFilter@6dd59886, org.springframework.security.web.authentication.AnonymousAuthenticationFilter@31f90517, org.springframework.security.web.access.ExceptionTranslationFilter@34e7a627, org.springframework.security.web.access.intercept.AuthorizationFilter@6a450cb5]-
org.springframework.boot.autoconfigure.h2.H2ConsoleAutoConfiguration-2024-11-11 13:21:30,882-[INFO]-H2 console available at '/h2-console'. Database available at 'jdbc:h2:file:C:/h2db/bank'-
com.bank.banking.BankingApplicationTests-2024-11-11 13:21:31,110-[INFO]-Started BankingApplicationTests in 13.646 seconds (process running for 16.733)-
org.springframework.orm.jpa.LocalContainerEntityManagerFactoryBean-2024-11-11 13:21:32,467-[INFO]-Closing JPA EntityManagerFactory for persistence unit 'default'-
com.zaxxer.hikari.HikariDataSource-2024-11-11 13:21:32,481-[INFO]-HikariPool-1 - Shutdown initiated...-
com.zaxxer.hikari.HikariDataSource-2024-11-11 13:21:32,486-[INFO]-HikariPool-1 - Shutdown completed.-
